2020-04-08 15:28:22.850  INFO 7736 --- [main] tn.esprit.spring.DariApplication         : Starting DariApplication on DESKTOP-SMTKEEO with PID 7736 (started by Eya Haribi in C:\Users\Eya Haribi\Documents\workspace-sts-3.8.4.RELEASE\Dari)
2020-04-08 15:28:22.887  INFO 7736 --- [main] tn.esprit.spring.DariApplication         : No active profile set, falling back to default profiles: default
2020-04-08 15:28:31.265  INFO 7736 --- [main] .s.d.r.c.RepositoryConfigurationDelegate : Bootstrapping Spring Data repositories in DEFAULT mode.
2020-04-08 15:28:31.470  INFO 7736 --- [main] .s.d.r.c.RepositoryConfigurationDelegate : Finished Spring Data repository scanning in 185ms. Found 2 repository interfaces.
2020-04-08 15:28:32.741  INFO 7736 --- [main] trationDelegate$BeanPostProcessorChecker : Bean 'org.springframework.transaction.annotation.ProxyTransactionManagementConfiguration' of type [org.springframework.transaction.annotation.ProxyTransactionManagementConfiguration] is not eligible for getting processed by all BeanPostProcessors (for example: not eligible for auto-proxying)
2020-04-08 15:28:42.487  INFO 7736 --- [main] o.s.b.w.embedded.tomcat.TomcatWebServer  : Tomcat initialized with port(s): 8081 (http)
2020-04-08 15:28:42.611  INFO 7736 --- [main] o.apache.catalina.core.StandardService   : Starting service [Tomcat]
2020-04-08 15:28:42.612  INFO 7736 --- [main] org.apache.catalina.core.StandardEngine  : Starting Servlet engine: [Apache Tomcat/9.0.27]
2020-04-08 15:28:47.804  INFO 7736 --- [main] org.apache.jasper.servlet.TldScanner     : At least one JAR was scanned for TLDs yet contained no TLDs. Enable debug logging for this logger for a complete list of JARs that were scanned but no TLDs were found in them. Skipping unneeded JARs during scanning can improve startup time and JSP compilation time.
2020-04-08 15:28:48.215  INFO 7736 --- [main] o.a.c.c.C.[.[localhost].[/SpringMVC]     : Initializing Spring embedded WebApplicationContext
2020-04-08 15:28:48.216  INFO 7736 --- [main] o.s.web.context.ContextLoader            : Root WebApplicationContext: initialization completed in 24180 ms
2020-04-08 15:28:55.612  INFO 7736 --- [main] .a.m.c.DefaultFacesConfigurationProvider : Reading standard config META-INF/standard-faces-config.xml
2020-04-08 15:28:56.338  INFO 7736 --- [main] .a.m.c.DefaultFacesConfigurationProvider : Reading config /WEB-INF/faces-config.xml
2020-04-08 15:28:57.692  INFO 7736 --- [main] .a.m.c.DefaultFacesConfigurationProvider : Reading config : jar:file:/C:/Users/Eya%20Haribi/.m2/repository/org/ocpsoft/rewrite/rewrite-integration-faces/3.4.1.Final/rewrite-integration-faces-3.4.1.Final.jar!/META-INF/faces-config.xml
2020-04-08 15:28:57.696  INFO 7736 --- [main] .a.m.c.DefaultFacesConfigurationProvider : Reading config : jar:file:/C:/Users/Eya%20Haribi/.m2/repository/org/primefaces/primefaces/6.1/primefaces-6.1.jar!/META-INF/faces-config.xml
2020-04-08 15:28:58.358  INFO 7736 --- [main] o.apache.myfaces.config.LogMetaInfUtils  : Artifact 'myfaces-api' was found in version '2.2.12' from path 'file:/C:/Users/Eya%20Haribi/.m2/repository/org/apache/myfaces/core/myfaces-api/2.2.12/myfaces-api-2.2.12.jar'
2020-04-08 15:28:58.359  INFO 7736 --- [main] o.apache.myfaces.config.LogMetaInfUtils  : Artifact 'myfaces-impl' was found in version '2.2.12' from path 'file:/C:/Users/Eya%20Haribi/.m2/repository/org/apache/myfaces/core/myfaces-impl/2.2.12/myfaces-impl-2.2.12.jar'
2020-04-08 15:28:58.452  INFO 7736 --- [main] o.a.myfaces.util.ExternalSpecifications  : MyFaces CDI support disabled
2020-04-08 15:28:58.457  INFO 7736 --- [main] .a.m.s.i.DefaultInjectionProviderFactory : Using InjectionProvider org.apache.myfaces.spi.impl.Tomcat7AnnotationInjectionProvider
2020-04-08 15:28:58.742  INFO 7736 --- [main] o.a.myfaces.util.ExternalSpecifications  : MyFaces Bean Validation support enabled
2020-04-08 15:28:59.240  INFO 7736 --- [main] unknown.jul.logger                       : RewritePhaseListener starting up.
2020-04-08 15:28:59.242  INFO 7736 --- [main] o.a.myfaces.application.ApplicationImpl  : Couldn't discover the current project stage, using Production
2020-04-08 15:28:59.243  INFO 7736 --- [main] o.a.myfaces.config.FacesConfigurator     : Serialization provider : class org.apache.myfaces.shared_impl.util.serial.DefaultSerialFactory
2020-04-08 15:28:59.267  INFO 7736 --- [main] .a.m.c.a.DefaultLifecycleProviderFactory : Using LifecycleProvider org.apache.myfaces.config.annotation.Tomcat7AnnotationLifecycleProvider
2020-04-08 15:29:00.408  INFO 7736 --- [main] .w.PostConstructApplicationEventListener : Running on PrimeFaces 6.1
2020-04-08 15:29:00.409  INFO 7736 --- [main] o.a.m.webapp.AbstractFacesInitializer    : ServletContext initialized.
2020-04-08 15:29:00.424  INFO 7736 --- [main] o.a.m.webapp.WebConfigParamsLogger       : Tomahawk jar not available. Autoscrolling, DetectJavascript, AddResourceClass and CheckExtensionsFilter are disabled now.
2020-04-08 15:29:00.424  INFO 7736 --- [main] o.a.m.webapp.WebConfigParamsLogger       : Scanning for context init parameters not defined. It is not necessary to define them all into your web.xml, they are just provided here for informative purposes. To disable this messages set org.apache.myfaces.LOG_WEB_CONTEXT_PARAMS config param to 'false'
2020-04-08 15:29:00.425  INFO 7736 --- [main] o.a.m.webapp.WebConfigParamsLogger       : No context init parameter 'javax.faces.RESOURCE_EXCLUDES' found, using default value '.class .jsp .jspx .properties .xhtml .groovy'.
2020-04-08 15:29:00.425  INFO 7736 --- [main] o.a.m.webapp.WebConfigParamsLogger       : No context init parameter 'javax.faces.STATE_SAVING_METHOD' found, using default value 'server'.
2020-04-08 15:29:00.425  INFO 7736 --- [main] o.a.m.webapp.WebConfigParamsLogger       : No context init parameter 'javax.faces.FULL_STATE_SAVING_VIEW_IDS' found.
2020-04-08 15:29:00.426  INFO 7736 --- [main] o.a.m.webapp.WebConfigParamsLogger       : No context init parameter 'javax.faces.PARTIAL_STATE_SAVING' found, using default value 'true (false with 1.2 webapps)'.
2020-04-08 15:29:00.426  INFO 7736 --- [main] o.a.m.webapp.WebConfigParamsLogger       : No context init parameter 'javax.faces.SERIALIZE_SERVER_STATE' found, using default value 'false'.
2020-04-08 15:29:00.426  INFO 7736 --- [main] o.a.m.webapp.WebConfigParamsLogger       : No context init parameter 'javax.faces.DEFAULT_SUFFIX' found, using default value '.xhtml .view.xml .jsp'.
2020-04-08 15:29:00.426  INFO 7736 --- [main] o.a.m.webapp.WebConfigParamsLogger       : No context init parameter 'javax.faces.FACELETS_SUFFIX' found, using default value '.xhtml'.
2020-04-08 15:29:00.427  INFO 7736 --- [main] o.a.m.webapp.WebConfigParamsLogger       : No context init parameter 'javax.faces.FACELETS_VIEW_MAPPINGS' found.
2020-04-08 15:29:00.427  INFO 7736 --- [main] o.a.m.webapp.WebConfigParamsLogger       : No context init parameter 'DISABLE_FACELET_JSF_VIEWHANDLER' found.
2020-04-08 15:29:00.427  INFO 7736 --- [main] o.a.m.webapp.WebConfigParamsLogger       : No context init parameter 'javax.faces.FACELETS_BUFFER_SIZE' found, using default value '1024'.
2020-04-08 15:29:00.427  INFO 7736 --- [main] o.a.m.webapp.WebConfigParamsLogger       : No context init parameter 'javax.faces.FACELETS_DECORATORS' found.
2020-04-08 15:29:00.427  INFO 7736 --- [main] o.a.m.webapp.WebConfigParamsLogger       : No context init parameter 'javax.faces.FACELETS_LIBRARIES' found.
2020-04-08 15:29:00.428  INFO 7736 --- [main] o.a.m.webapp.WebConfigParamsLogger       : No context init parameter 'javax.faces.FACELETS_REFRESH_PERIOD' found, using default value '-1'.
2020-04-08 15:29:00.428  INFO 7736 --- [main] o.a.m.webapp.WebConfigParamsLogger       : No context init parameter 'javax.faces.FACELETS_SKIP_COMMENTS' found.
2020-04-08 15:29:00.428  INFO 7736 --- [main] o.a.m.webapp.WebConfigParamsLogger       : No context init parameter 'javax.faces.HONOR_CURRENT_COMPONENT_ATTRIBUTES' found, using default value 'false'.
2020-04-08 15:29:00.428  INFO 7736 --- [main] o.a.m.webapp.WebConfigParamsLogger       : No context init parameter 'javax.faces.VALIDATE_EMPTY_FIELDS' found, using default value 'auto'.
2020-04-08 15:29:00.428  INFO 7736 --- [main] o.a.m.webapp.WebConfigParamsLogger       : No context init parameter 'javax.faces.INTERPRET_EMPTY_STRING_SUBMITTED_VALUES_AS_NULL' found, using default value 'false'.
2020-04-08 15:29:00.429  INFO 7736 --- [main] o.a.m.webapp.WebConfigParamsLogger       : No context init parameter 'javax.faces.DATETIMECONVERTER_DEFAULT_TIMEZONE_IS_SYSTEM_TIMEZONE' found, using default value 'false'.
2020-04-08 15:29:00.429  INFO 7736 --- [main] o.a.m.webapp.WebConfigParamsLogger       : No context init parameter 'org.apache.myfaces.ENUM_CONVERTER_ALLOW_STRING_PASSTROUGH' found, using default value 'false'.
2020-04-08 15:29:00.429  INFO 7736 --- [main] o.a.m.webapp.WebConfigParamsLogger       : No context init parameter 'javax.faces.validator.DISABLE_DEFAULT_BEAN_VALIDATOR' found, using default value 'true'.
2020-04-08 15:29:00.429  INFO 7736 --- [main] o.a.m.webapp.WebConfigParamsLogger       : No context init parameter 'javax.faces.CONFIG_FILES' found.
2020-04-08 15:29:00.430  INFO 7736 --- [main] o.a.m.webapp.WebConfigParamsLogger       : No context init parameter 'javax.faces.LIFECYCLE_ID' found.
2020-04-08 15:29:00.430  INFO 7736 --- [main] o.a.m.webapp.WebConfigParamsLogger       : No context init parameter 'org.apache.myfaces.ERROR_HANDLER' found.
2020-04-08 15:29:00.430  INFO 7736 --- [main] o.a.m.webapp.WebConfigParamsLogger       : No context init parameter 'org.apache.myfaces.CHECKED_VIEWID_CACHE_SIZE' found, using default value '500'.
2020-04-08 15:29:00.430  INFO 7736 --- [main] o.a.m.webapp.WebConfigParamsLogger       : No context init parameter 'org.apache.myfaces.CHECKED_VIEWID_CACHE_ENABLED' found, using default value 'true'.
2020-04-08 15:29:00.430  INFO 7736 --- [main] o.a.m.webapp.WebConfigParamsLogger       : No context init parameter 'org.apache.myfaces.PRETTY_HTML' found, using default value 'true'.
2020-04-08 15:29:00.431  INFO 7736 --- [main] o.a.m.webapp.WebConfigParamsLogger       : No context init parameter 'org.apache.myfaces.ALLOW_JAVASCRIPT' found, using default value 'true'.
2020-04-08 15:29:00.431  INFO 7736 --- [main] o.a.m.webapp.WebConfigParamsLogger       : No context init parameter 'org.apache.myfaces.CONFIG_REFRESH_PERIOD' found, using default value '2'.
2020-04-08 15:29:00.432  INFO 7736 --- [main] o.a.m.webapp.WebConfigParamsLogger       : No context init parameter 'org.apache.myfaces.VIEWSTATE_JAVASCRIPT' found, using default value 'false'.
2020-04-08 15:29:00.432  INFO 7736 --- [main] o.a.m.webapp.WebConfigParamsLogger       : No context init parameter 'org.apache.myfaces.RENDER_VIEWSTATE_ID' found, using default value 'true'.
2020-04-08 15:29:00.432  INFO 7736 --- [main] o.a.m.webapp.WebConfigParamsLogger       : No context init parameter 'org.apache.myfaces.STRICT_XHTML_LINKS' found, using default value 'true'.
2020-04-08 15:29:00.432  INFO 7736 --- [main] o.a.m.webapp.WebConfigParamsLogger       : No context init parameter 'org.apache.myfaces.RENDER_CLEAR_JAVASCRIPT_FOR_BUTTON' found, using default value 'false'.
2020-04-08 15:29:00.433  INFO 7736 --- [main] o.a.m.webapp.WebConfigParamsLogger       : No context init parameter 'org.apache.myfaces.RENDER_HIDDEN_FIELDS_FOR_LINK_PARAMS' found, using default value 'false'.
2020-04-08 15:29:00.433  INFO 7736 --- [main] o.a.m.webapp.WebConfigParamsLogger       : No context init parameter 'org.apache.myfaces.SAVE_FORM_SUBMIT_LINK_IE' found, using default value 'false'.
2020-04-08 15:29:00.434  INFO 7736 --- [main] o.a.m.webapp.WebConfigParamsLogger       : No context init parameter 'org.apache.myfaces.DELEGATE_FACES_SERVLET' found.
2020-04-08 15:29:00.434  INFO 7736 --- [main] o.a.m.webapp.WebConfigParamsLogger       : No context init parameter 'org.apache.myfaces.REFRESH_TRANSIENT_BUILD_ON_PSS' found, using default value 'auto'.
2020-04-08 15:29:00.434  INFO 7736 --- [main] o.a.m.webapp.WebConfigParamsLogger       : No context init parameter 'org.apache.myfaces.REFRESH_TRANSIENT_BUILD_ON_PSS_PRESERVE_STATE' found, using default value 'false'.
2020-04-08 15:29:00.435  INFO 7736 --- [main] o.a.m.webapp.WebConfigParamsLogger       : No context init parameter 'org.apache.myfaces.VALIDATE_XML' found.
2020-04-08 15:29:00.435  INFO 7736 --- [main] o.a.m.webapp.WebConfigParamsLogger       : No context init parameter 'org.apache.myfaces.WRAP_SCRIPT_CONTENT_WITH_XML_COMMENT_TAG' found, using default value 'false'.
2020-04-08 15:29:00.435  INFO 7736 --- [main] o.a.m.webapp.WebConfigParamsLogger       : No context init parameter 'org.apache.myfaces.RENDER_FORM_SUBMIT_SCRIPT_INLINE' found, using default value 'false'.
2020-04-08 15:29:00.436  INFO 7736 --- [main] o.a.m.webapp.WebConfigParamsLogger       : No context init parameter 'org.apache.myfaces.DEBUG_PHASE_LISTENER' found.
2020-04-08 15:29:00.436  INFO 7736 --- [main] o.a.m.webapp.WebConfigParamsLogger       : No context init parameter 'org.apache.myfaces.STRICT_JSF_2_REFRESH_TARGET_AJAX' found, using default value 'false'.
2020-04-08 15:29:00.436  INFO 7736 --- [main] o.a.m.webapp.WebConfigParamsLogger       : No context init parameter 'org.apache.myfaces.STRICT_JSF_2_CC_EL_RESOLVER' found, using default value 'false'.
2020-04-08 15:29:00.437  INFO 7736 --- [main] o.a.m.webapp.WebConfigParamsLogger       : No context init parameter 'org.apache.myfaces.DEFAULT_RESPONSE_WRITER_CONTENT_TYPE_MODE' found, using default value 'text/html'.
2020-04-08 15:29:00.437  INFO 7736 --- [main] o.a.m.webapp.WebConfigParamsLogger       : No context init parameter 'org.apache.myfaces.VIEW_UNIQUE_IDS_CACHE_ENABLED' found, using default value 'true'.
2020-04-08 15:29:00.437  INFO 7736 --- [main] o.a.m.webapp.WebConfigParamsLogger       : No context init parameter 'org.apache.myfaces.COMPONENT_UNIQUE_IDS_CACHE_SIZE' found, using default value '100'.
2020-04-08 15:29:00.437  INFO 7736 --- [main] o.a.m.webapp.WebConfigParamsLogger       : No context init parameter 'org.apache.myfaces.SUPPORT_JSP_AND_FACES_EL' found, using default value 'true'.
2020-04-08 15:29:00.437  INFO 7736 --- [main] o.a.m.webapp.WebConfigParamsLogger       : No context init parameter 'org.apache.myfaces.GAE_JSF_JAR_FILES' found.
2020-04-08 15:29:00.437  INFO 7736 --- [main] o.a.m.webapp.WebConfigParamsLogger       : No context init parameter 'org.apache.myfaces.GAE_JSF_ANNOTATIONS_JAR_FILES' found.
2020-04-08 15:29:00.437  INFO 7736 --- [main] o.a.m.webapp.WebConfigParamsLogger       : No context init parameter 'org.apache.myfaces.STRICT_JSF_2_VIEW_NOT_FOUND' found, using default value 'false'.
2020-04-08 15:29:00.437  INFO 7736 --- [main] o.a.m.webapp.WebConfigParamsLogger       : No context init parameter 'org.apache.myfaces.EARLY_FLUSH_ENABLED' found, using default value 'false'.
2020-04-08 15:29:00.438  INFO 7736 --- [main] o.a.m.webapp.WebConfigParamsLogger       : No context init parameter 'org.apache.myfaces.CDI_MANAGED_CONVERTERS_ENABLED' found, using default value 'false'.
2020-04-08 15:29:00.438  INFO 7736 --- [main] o.a.m.webapp.WebConfigParamsLogger       : No context init parameter 'org.apache.myfaces.CDI_MANAGED_VALIDATORS_ENABLED' found, using default value 'false'.
2020-04-08 15:29:00.438  INFO 7736 --- [main] o.a.m.webapp.WebConfigParamsLogger       : No context init parameter 'org.apache.myfaces.STRICT_JSF_2_FACELETS_COMPATIBILITY' found, using default value 'false'.
2020-04-08 15:29:00.438  INFO 7736 --- [main] o.a.m.webapp.WebConfigParamsLogger       : No context init parameter 'org.apache.myfaces.RENDER_FORM_VIEW_STATE_AT_BEGIN' found, using default value 'false'.
2020-04-08 15:29:00.438  INFO 7736 --- [main] o.a.m.webapp.WebConfigParamsLogger       : No context init parameter 'org.apache.myfaces.FLASH_SCOPE_DISABLED' found, using default value 'false'.
2020-04-08 15:29:00.438  INFO 7736 --- [main] o.a.m.webapp.WebConfigParamsLogger       : No context init parameter 'org.apache.myfaces.NUMBER_OF_VIEWS_IN_SESSION' found, using default value '20'.
2020-04-08 15:29:00.439  INFO 7736 --- [main] o.a.m.webapp.WebConfigParamsLogger       : No context init parameter 'org.apache.myfaces.NUMBER_OF_SEQUENTIAL_VIEWS_IN_SESSION' found, using default value '4'.
2020-04-08 15:29:00.439  INFO 7736 --- [main] o.a.m.webapp.WebConfigParamsLogger       : No context init parameter 'org.apache.myfaces.NUMBER_OF_FLASH_TOKENS_IN_SESSION' found.
2020-04-08 15:29:00.439  INFO 7736 --- [main] o.a.m.webapp.WebConfigParamsLogger       : No context init parameter 'org.apache.myfaces.FACES_FLOW_CLIENT_WINDOW_IDS_IN_SESSION' found.
2020-04-08 15:29:00.439  INFO 7736 --- [main] o.a.m.webapp.WebConfigParamsLogger       : No context init parameter 'org.apache.myfaces.SUPPORT_EL_3_IMPORT_HANDLER' found, using default value 'false'.
2020-04-08 15:29:00.439  INFO 7736 --- [main] o.a.m.webapp.WebConfigParamsLogger       : No context init parameter 'org.apache.myfaces.RESOURCE_MAX_TIME_EXPIRES' found, using default value '604800000'.
2020-04-08 15:29:00.440  INFO 7736 --- [main] o.a.m.webapp.WebConfigParamsLogger       : No context init parameter 'org.apache.myfaces.RESOURCE_HANDLER_CACHE_SIZE' found, using default value '500'.
2020-04-08 15:29:00.440  INFO 7736 --- [main] o.a.m.webapp.WebConfigParamsLogger       : No context init parameter 'org.apache.myfaces.RESOURCE_HANDLER_CACHE_ENABLED' found, using default value 'true'.
2020-04-08 15:29:00.440  INFO 7736 --- [main] o.a.m.webapp.WebConfigParamsLogger       : No context init parameter 'org.apache.myfaces.USE_ENCRYPTION' found, using default value 'true'.
2020-04-08 15:29:00.441  INFO 7736 --- [main] o.a.m.webapp.WebConfigParamsLogger       : No context init parameter 'org.apache.myfaces.SECRET' found.
2020-04-08 15:29:00.441  INFO 7736 --- [main] o.a.m.webapp.WebConfigParamsLogger       : No context init parameter 'org.apache.myfaces.ALGORITHM' found, using default value 'DES'.
2020-04-08 15:29:00.441  INFO 7736 --- [main] o.a.m.webapp.WebConfigParamsLogger       : No context init parameter 'org.apache.myfaces.SECRET.CACHE' found.
2020-04-08 15:29:00.442  INFO 7736 --- [main] o.a.m.webapp.WebConfigParamsLogger       : No context init parameter 'org.apache.myfaces.ALGORITHM.IV' found.
2020-04-08 15:29:00.442  INFO 7736 --- [main] o.a.m.webapp.WebConfigParamsLogger       : No context init parameter 'org.apache.myfaces.ALGORITHM.PARAMETERS' found, using default value 'ECB/PKCS5Padding'.
2020-04-08 15:29:00.442  INFO 7736 --- [main] o.a.m.webapp.WebConfigParamsLogger       : No context init parameter 'org.apache.myfaces.SERIAL_FACTORY' found.
2020-04-08 15:29:00.442  INFO 7736 --- [main] o.a.m.webapp.WebConfigParamsLogger       : No context init parameter 'org.apache.myfaces.COMPRESS_STATE_IN_CLIENT' found, using default value 'false'.
2020-04-08 15:29:00.442  INFO 7736 --- [main] o.a.m.webapp.WebConfigParamsLogger       : No context init parameter 'org.apache.myfaces.MAC_ALGORITHM' found, using default value 'HmacSHA1'.
2020-04-08 15:29:00.442  INFO 7736 --- [main] o.a.m.webapp.WebConfigParamsLogger       : No context init parameter 'org.apache.myfaces.MAC_SECRET' found.
2020-04-08 15:29:00.442  INFO 7736 --- [main] o.a.m.webapp.WebConfigParamsLogger       : No context init parameter 'org.apache.myfaces.MAC_SECRET.CACHE' found.
2020-04-08 15:29:00.442  INFO 7736 --- [main] o.a.m.webapp.WebConfigParamsLogger       : No context init parameter 'javax.faces.PROJECT_STAGE' found, using default value 'Production'.
2020-04-08 15:29:00.442  INFO 7736 --- [main] o.a.m.webapp.WebConfigParamsLogger       : No context init parameter 'org.apache.myfaces.LAZY_LOAD_CONFIG_OBJECTS' found, using default value 'true'.
2020-04-08 15:29:00.443  INFO 7736 --- [main] o.a.m.webapp.WebConfigParamsLogger       : No context init parameter 'org.apache.myfaces.STRICT_JSF_2_ALLOW_SLASH_LIBRARY_NAME' found, using default value 'false'.
2020-04-08 15:29:00.443  INFO 7736 --- [main] o.a.m.webapp.WebConfigParamsLogger       : No context init parameter 'org.apache.myfaces.RESOURCE_BUFFER_SIZE' found, using default value '2048'.
2020-04-08 15:29:00.443  INFO 7736 --- [main] o.a.m.webapp.WebConfigParamsLogger       : No context init parameter 'org.apache.myfaces.RANDOM_KEY_IN_CSRF_SESSION_TOKEN' found, using default value 'none'.
2020-04-08 15:29:00.443  INFO 7736 --- [main] o.a.m.webapp.WebConfigParamsLogger       : No context init parameter 'org.apache.myfaces.RANDOM_KEY_IN_CSRF_SESSION_TOKEN_LENGTH' found, using default value '16'.
2020-04-08 15:29:00.443  INFO 7736 --- [main] o.a.m.webapp.WebConfigParamsLogger       : No context init parameter 'org.apache.myfaces.RANDOM_KEY_IN_CSRF_SESSION_TOKEN_SECURE_RANDOM_CLASS' found.
2020-04-08 15:29:00.443  INFO 7736 --- [main] o.a.m.webapp.WebConfigParamsLogger       : No context init parameter 'org.apache.myfaces.RANDOM_KEY_IN_CSRF_SESSION_TOKEN_SECURE_RANDOM_PROVIDER' found.
2020-04-08 15:29:00.443  INFO 7736 --- [main] o.a.m.webapp.WebConfigParamsLogger       : No context init parameter 'org.apache.myfaces.RANDOM_KEY_IN_CSRF_SESSION_TOKEN_SECURE_RANDOM_ALGORITM' found, using default value 'SHA1PRNG'.
2020-04-08 15:29:00.444  INFO 7736 --- [main] o.a.m.webapp.WebConfigParamsLogger       : No context init parameter 'org.apache.myfaces.CLIENT_VIEW_STATE_TIMEOUT' found, using default value '0'.
2020-04-08 15:29:00.444  INFO 7736 --- [main] o.a.m.webapp.WebConfigParamsLogger       : No context init parameter 'org.apache.myfaces.SERIALIZE_STATE_IN_SESSION' found, using default value 'false'.
2020-04-08 15:29:00.444  INFO 7736 --- [main] o.a.m.webapp.WebConfigParamsLogger       : No context init parameter 'org.apache.myfaces.COMPRESS_STATE_IN_SESSION' found, using default value 'true'.
2020-04-08 15:29:00.444  INFO 7736 --- [main] o.a.m.webapp.WebConfigParamsLogger       : No context init parameter 'org.apache.myfaces.CACHE_OLD_VIEWS_IN_SESSION_MODE' found, using default value 'off'.
2020-04-08 15:29:00.444  INFO 7736 --- [main] o.a.m.webapp.WebConfigParamsLogger       : No context init parameter 'org.apache.myfaces.USE_FLASH_SCOPE_PURGE_VIEWS_IN_SESSION' found, using default value 'false'.
2020-04-08 15:29:00.444  INFO 7736 --- [main] o.a.m.webapp.WebConfigParamsLogger       : No context init parameter 'org.apache.myfaces.RANDOM_KEY_IN_VIEW_STATE_SESSION_TOKEN' found, using default value 'none'.
2020-04-08 15:29:00.445  INFO 7736 --- [main] o.a.m.webapp.WebConfigParamsLogger       : No context init parameter 'org.apache.myfaces.RANDOM_KEY_IN_VIEW_STATE_SESSION_TOKEN_LENGTH' found, using default value '8'.
2020-04-08 15:29:00.445  INFO 7736 --- [main] o.a.m.webapp.WebConfigParamsLogger       : No context init parameter 'org.apache.myfaces.RANDOM_KEY_IN_VIEW_STATE_SESSION_TOKEN_SECURE_RANDOM_CLASS' found.
2020-04-08 15:29:00.445  INFO 7736 --- [main] o.a.m.webapp.WebConfigParamsLogger       : No context init parameter 'org.apache.myfaces.RANDOM_KEY_IN_VIEW_STATE_SESSION_TOKEN_SECURE_RANDOM_PROVIDER' found.
2020-04-08 15:29:00.445  INFO 7736 --- [main] o.a.m.webapp.WebConfigParamsLogger       : No context init parameter 'org.apache.myfaces.RANDOM_KEY_IN_VIEW_STATE_SESSION_TOKEN_SECURE_RANDOM_ALGORITM' found, using default value 'SHA1PRNG'.
2020-04-08 15:29:00.445  INFO 7736 --- [main] o.a.m.webapp.WebConfigParamsLogger       : No context init parameter 'facelets.LIBRARIES' found.
2020-04-08 15:29:00.445  INFO 7736 --- [main] o.a.m.webapp.WebConfigParamsLogger       : No context init parameter 'org.apache.myfaces.VALIDATE' found, using default value 'false'.
2020-04-08 15:29:00.446  INFO 7736 --- [main] o.a.m.webapp.WebConfigParamsLogger       : No context init parameter 'org.apache.myfaces.annotation.USE_CDI_FOR_ANNOTATION_SCANNING' found.
2020-04-08 15:29:00.446  INFO 7736 --- [main] o.a.m.webapp.WebConfigParamsLogger       : No context init parameter 'org.apache.myfaces.annotation.SCAN_PACKAGES' found.
2020-04-08 15:29:00.446  INFO 7736 --- [main] o.a.m.webapp.WebConfigParamsLogger       : No context init parameter 'org.apache.myfaces.config.annotation.LifecycleProvider' found.
2020-04-08 15:29:00.446  INFO 7736 --- [main] o.a.m.webapp.WebConfigParamsLogger       : No context init parameter 'org.apache.myfaces.INITIALIZE_SKIP_JAR_FACES_CONFIG_SCAN' found, using default value 'false'.
2020-04-08 15:29:00.446  INFO 7736 --- [main] o.a.m.webapp.WebConfigParamsLogger       : No context init parameter 'org.apache.myfaces.EL_RESOLVER_COMPARATOR' found.
2020-04-08 15:29:00.447  INFO 7736 --- [main] o.a.m.webapp.WebConfigParamsLogger       : No context init parameter 'org.apache.myfaces.EL_RESOLVER_PREDICATE' found.
2020-04-08 15:29:00.448  INFO 7736 --- [main] o.a.m.webapp.WebConfigParamsLogger       : No context init parameter 'org.apache.myfaces.DEFAULT_WINDOW_MODE' found, using default value 'url'.
2020-04-08 15:29:00.448  INFO 7736 --- [main] o.a.m.webapp.WebConfigParamsLogger       : No context init parameter 'org.apache.myfaces.CHECKED_VIEWID_CACHE_SIZE' found, using default value '500'.
2020-04-08 15:29:00.448  INFO 7736 --- [main] o.a.m.webapp.WebConfigParamsLogger       : No context init parameter 'org.apache.myfaces.CHECKED_VIEWID_CACHE_ENABLED' found, using default value 'true'.
2020-04-08 15:29:00.448  INFO 7736 --- [main] o.a.m.webapp.WebConfigParamsLogger       : No context init parameter 'org.apache.myfaces.ERROR_TEMPLATE_RESOURCE' found, using default value 'META-INF/rsc/myfaces-dev-error.xml'.
2020-04-08 15:29:00.448  INFO 7736 --- [main] o.a.m.webapp.WebConfigParamsLogger       : No context init parameter 'org.apache.myfaces.DEBUG_TEMPLATE_RESOURCE' found, using default value 'META-INF/rsc/myfaces-dev-debug.xml'.
2020-04-08 15:29:00.448  INFO 7736 --- [main] o.a.m.webapp.WebConfigParamsLogger       : No context init parameter 'org.apache.myfaces.ERROR_HANDLING' found, using default value 'false, on Development Project stage: true'.
2020-04-08 15:29:00.448  INFO 7736 --- [main] o.a.m.webapp.WebConfigParamsLogger       : No context init parameter 'org.apache.myfaces.HANDLE_STATE_CACHING_MECHANICS' found, using default value 'true'.
2020-04-08 15:29:00.448  INFO 7736 --- [main] o.a.m.webapp.WebConfigParamsLogger       : No context init parameter 'org.apache.myfaces.AUTOCOMPLETE_OFF_VIEW_STATE' found, using default value 'true'.
2020-04-08 15:29:00.448  INFO 7736 --- [main] o.a.m.webapp.WebConfigParamsLogger       : No context init parameter 'org.apache.myfaces.USE_MULTIPLE_JS_FILES_FOR_JSF_UNCOMPRESSED_JS' found, using default value 'false'.
2020-04-08 15:29:00.449  INFO 7736 --- [main] o.a.m.webapp.WebConfigParamsLogger       : No context init parameter 'org.apache.myfaces.JSF_JS_MODE' found, using default value 'normal'.
2020-04-08 15:29:00.449  INFO 7736 --- [main] o.a.m.webapp.WebConfigParamsLogger       : No context init parameter 'org.apache.myfaces.TEMPORAL_RESOURCEHANDLER_CACHE_ENABLED' found, using default value 'false'.
2020-04-08 15:29:00.449  INFO 7736 --- [main] o.a.m.webapp.WebConfigParamsLogger       : No context init parameter 'org.apache.myfaces.SERVICE_PROVIDER_FINDER' found.
2020-04-08 15:29:00.449  INFO 7736 --- [main] o.a.m.webapp.WebConfigParamsLogger       : No context init parameter 'org.apache.myfaces.spi.InjectionProvider' found.
2020-04-08 15:29:00.449  INFO 7736 --- [main] o.a.m.webapp.WebConfigParamsLogger       : No context init parameter 'javax.faces.DISABLE_FACELET_JSF_VIEWHANDLER' found, using default value 'false'.
2020-04-08 15:29:00.449  INFO 7736 --- [main] o.a.m.webapp.WebConfigParamsLogger       : No context init parameter 'org.apache.myfaces.SAVE_STATE_WITH_VISIT_TREE_ON_PSS' found, using default value 'true'.
2020-04-08 15:29:00.449  INFO 7736 --- [main] o.a.m.webapp.WebConfigParamsLogger       : No context init parameter 'org.apache.myfaces.CHECK_ID_PRODUCTION_MODE' found, using default value 'auto'.
2020-04-08 15:29:00.449  INFO 7736 --- [main] o.a.m.webapp.WebConfigParamsLogger       : No context init parameter 'facelets.BUFFER_SIZE' found.
2020-04-08 15:29:00.449  INFO 7736 --- [main] o.a.m.webapp.WebConfigParamsLogger       : No context init parameter 'facelets.REFRESH_PERIOD' found, using default value '-1'.
2020-04-08 15:29:00.450  INFO 7736 --- [main] o.a.m.webapp.WebConfigParamsLogger       : No context init parameter 'javax.faces.FACELETS_RESOURCE_RESOLVER' found.
2020-04-08 15:29:00.450  INFO 7736 --- [main] o.a.m.webapp.WebConfigParamsLogger       : No context init parameter 'facelets.RESOURCE_RESOLVER' found.
2020-04-08 15:29:00.450  INFO 7736 --- [main] o.a.m.webapp.WebConfigParamsLogger       : No context init parameter 'org.apache.myfaces.MARK_INITIAL_STATE_WHEN_APPLY_BUILD_VIEW' found, using default value 'false'.
2020-04-08 15:29:00.451  INFO 7736 --- [main] o.a.m.webapp.WebConfigParamsLogger       : No context init parameter 'facelets.DECORATORS' found.
2020-04-08 15:29:00.452  INFO 7736 --- [main] o.a.m.webapp.WebConfigParamsLogger       : No context init parameter 'facelets.SKIP_COMMENTS' found.
2020-04-08 15:29:00.452  INFO 7736 --- [main] o.a.m.webapp.WebConfigParamsLogger       : No context init parameter 'org.apache.myfaces.WRAP_TAG_EXCEPTIONS_AS_CONTEXT_AWARE' found, using default value 'true'.
2020-04-08 15:29:00.452  INFO 7736 --- [main] o.a.m.webapp.WebConfigParamsLogger       : No context init parameter 'org.apache.myfaces.CACHE_EL_EXPRESSIONS' found, using default value 'noCache'.
2020-04-08 15:29:00.452  INFO 7736 --- [main] o.a.m.webapp.WebConfigParamsLogger       : No context init parameter 'org.apache.myfaces.VIEW_POOL_MAX_POOL_SIZE' found, using default value '5'.
2020-04-08 15:29:00.452  INFO 7736 --- [main] o.a.m.webapp.WebConfigParamsLogger       : No context init parameter 'org.apache.myfaces.VIEW_POOL_MAX_DYNAMIC_PARTIAL_LIMIT' found, using default value '2'.
2020-04-08 15:29:00.452  INFO 7736 --- [main] o.a.m.webapp.WebConfigParamsLogger       : No context init parameter 'org.apache.myfaces.VIEW_POOL_ENTRY_MODE' found, using default value 'soft'.
2020-04-08 15:29:00.453  INFO 7736 --- [main] o.a.m.webapp.WebConfigParamsLogger       : No context init parameter 'org.apache.myfaces.VIEW_POOL_DEFERRED_NAVIGATION' found, using default value 'false'.
2020-04-08 15:29:00.453  INFO 7736 --- [main] o.a.m.webapp.WebConfigParamsLogger       : No context init parameter 'org.apache.myfaces.validator.BEAN_BEFORE_JSF_VALIDATION' found, using default value 'false'.
2020-04-08 15:29:00.453  INFO 7736 --- [main] o.a.m.webapp.WebConfigParamsLogger       : No context init parameter 'org.apache.myfaces.EXPRESSION_FACTORY' found.
2020-04-08 15:29:00.453  INFO 7736 --- [main] o.a.m.webapp.WebConfigParamsLogger       : No context init parameter 'org.apache.myfaces.INITIALIZE_ALWAYS_STANDALONE' found, using default value 'false'.
2020-04-08 15:29:00.453  INFO 7736 --- [main] o.a.m.webapp.WebConfigParamsLogger       : No context init parameter 'org.apache.myfaces.LOG_WEB_CONTEXT_PARAMS' found, using default value 'auto'.
2020-04-08 15:29:00.453  INFO 7736 --- [main] o.a.m.webapp.WebConfigParamsLogger       : No context init parameter 'org.apache.myfaces.FACES_INITIALIZER' found.
2020-04-08 15:29:00.453  INFO 7736 --- [main] o.a.m.webapp.WebConfigParamsLogger       : No context init parameter 'org.apache.myfaces.FACES_INIT_PLUGINS' found.
2020-04-08 15:29:00.454  INFO 7736 --- [main] o.a.myfaces.util.ExternalSpecifications  : MyFaces Unified EL support enabled
2020-04-08 15:29:00.462  INFO 7736 --- [main] o.a.m.view.facelets.ViewPoolProcessor    : org.apache.myfaces.CACHE_EL_EXPRESSIONS web config parameter is set to "noCache". To enable view pooling this param must be set to "alwaysRecompile". View Pooling disabled.
2020-04-08 15:29:00.565  INFO 7736 --- [main] o.a.m.w.StartupServletContextListener    : MyFaces Core has started, it took [10841] ms.
2020-04-08 15:29:01.426  INFO 7736 --- [main] o.hibernate.jpa.internal.util.LogHelper  : HHH000204: Processing PersistenceUnitInfo [name: default]
2020-04-08 15:29:01.745  INFO 7736 --- [main] org.hibernate.Version                    : HHH000412: Hibernate Core {5.4.8.Final}
2020-04-08 15:29:02.434  INFO 7736 --- [main] o.hibernate.annotations.common.Version   : HCANN000001: Hibernate Commons Annotations {5.1.0.Final}
2020-04-08 15:29:03.112  INFO 7736 --- [main] com.zaxxer.hikari.HikariDataSource       : HikariPool-1 - Starting...
2020-04-08 15:29:04.346  INFO 7736 --- [main] com.zaxxer.hikari.HikariDataSource       : HikariPool-1 - Start completed.
2020-04-08 15:29:04.433  INFO 7736 --- [main] org.hibernate.dialect.Dialect            : HHH000400: Using dialect: org.hibernate.dialect.MySQL5InnoDBDialect
2020-04-08 15:29:17.305  INFO 7736 --- [main] o.h.e.t.j.p.i.JtaPlatformInitiator       : HHH000490: Using JtaPlatform implementation: [org.hibernate.engine.transaction.jta.platform.internal.NoJtaPlatform]
2020-04-08 15:29:17.492  INFO 7736 --- [main] j.LocalContainerEntityManagerFactoryBean : Initialized JPA EntityManagerFactory for persistence unit 'default'
2020-04-08 15:29:20.155  WARN 7736 --- [main] JpaBaseConfiguration$JpaWebConfiguration : spring.jpa.open-in-view is enabled by default. Therefore, database queries may be performed during view rendering. Explicitly configure spring.jpa.open-in-view to disable this warning
2020-04-08 15:29:21.010  INFO 7736 --- [main] o.s.s.concurrent.ThreadPoolTaskExecutor  : Initializing ExecutorService 'applicationTaskExecutor'
2020-04-08 15:29:22.585  INFO 7736 --- [main] o.apache.catalina.core.StandardService   : Stopping service [Tomcat]
2020-04-08 15:29:22.738  INFO 7736 --- [main] ConditionEvaluationReportLoggingListener : 

Error starting ApplicationContext. To display the conditions report re-run your application with 'debug' enabled.
2020-04-08 15:29:22.741 ERROR 7736 --- [main] o.s.b.d.LoggingFailureAnalysisReporter   : 

***************************
APPLICATION FAILED TO START
***************************

Description:

Web server failed to start. Port 8081 was already in use.

Action:

Identify and stop the process that's listening on port 8081 or configure this application to listen on another port.

2020-04-08 15:29:22.745  INFO 7736 --- [main] o.s.s.concurrent.ThreadPoolTaskExecutor  : Shutting down ExecutorService 'applicationTaskExecutor'
2020-04-08 15:29:22.747  INFO 7736 --- [main] j.LocalContainerEntityManagerFactoryBean : Closing JPA EntityManagerFactory for persistence unit 'default'
2020-04-08 15:29:22.751  INFO 7736 --- [main] com.zaxxer.hikari.HikariDataSource       : HikariPool-1 - Shutdown initiated...
2020-04-08 15:29:22.826  INFO 7736 --- [main] com.zaxxer.hikari.HikariDataSource       : HikariPool-1 - Shutdown completed.
